0 info it worked if it ends with ok
1 verbose cli [ '/Users/alibaba/.nvm/versions/node/v6.0.0/bin/node',
1 verbose cli   '/Users/alibaba/.nvm/versions/node/v6.0.0/bin/npm',
1 verbose cli   'run',
1 verbose cli   'build' ]
2 info using npm@3.10.9
3 info using node@v6.0.0
4 verbose run-script [ 'prebuild', 'build', 'postbuild' ]
5 info lifecycle pikachu-mobile@1.0.0~prebuild: pikachu-mobile@1.0.0
6 silly lifecycle pikachu-mobile@1.0.0~prebuild: no script for prebuild, continuing
7 info lifecycle pikachu-mobile@1.0.0~build: pikachu-mobile@1.0.0
8 verbose lifecycle pikachu-mobile@1.0.0~build: unsafe-perm in lifecycle true
9 verbose lifecycle pikachu-mobile@1.0.0~build: PATH: /Users/alibaba/.nvm/versions/node/v6.0.0/lib/node_modules/npm/bin/node-gyp-bin:/Users/alibaba/pikachu-mobile/node_modules/.bin:/Users/alibaba/.nvm/versions/node/v6.0.0/bin:/usr/local/bin:/usr/bin:/bin:/usr/sbin:/sbin:/usr/local/git/bin
10 verbose lifecycle pikachu-mobile@1.0.0~build: CWD: /Users/alibaba/pikachu-mobile
11 silly lifecycle pikachu-mobile@1.0.0~build: Args: [ '-c',
11 silly lifecycle   'atool-build -o ./.build/${npm_package_family}/${npm_package_name/{npm_package_version}' ]
12 silly lifecycle pikachu-mobile@1.0.0~build: Returned: code: 1  signal: null
13 info lifecycle pikachu-mobile@1.0.0~build: Failed to exec build script
14 verbose stack Error: pikachu-mobile@1.0.0 build: `atool-build -o ./.build/${npm_package_family}/${npm_package_name/{npm_package_version}`
14 verbose stack Exit status 1
14 verbose stack     at EventEmitter.<anonymous> (/Users/alibaba/.nvm/versions/node/v6.0.0/lib/node_modules/npm/lib/utils/lifecycle.js:255:16)
14 verbose stack     at emitTwo (events.js:106:13)
14 verbose stack     at EventEmitter.emit (events.js:191:7)
14 verbose stack     at ChildProcess.<anonymous> (/Users/alibaba/.nvm/versions/node/v6.0.0/lib/node_modules/npm/lib/utils/spawn.js:40:14)
14 verbose stack     at emitTwo (events.js:106:13)
14 verbose stack     at ChildProcess.emit (events.js:191:7)
14 verbose stack     at maybeClose (internal/child_process.js:850:16)
14 verbose stack     at Process.ChildProcess._handle.onexit (internal/child_process.js:215:5)
15 verbose pkgid pikachu-mobile@1.0.0
16 verbose cwd /Users/alibaba/pikachu-mobile
17 error Darwin 16.1.0
18 error argv "/Users/alibaba/.nvm/versions/node/v6.0.0/bin/node" "/Users/alibaba/.nvm/versions/node/v6.0.0/bin/npm" "run" "build"
19 error node v6.0.0
20 error npm  v3.10.9
21 error code ELIFECYCLE
22 error pikachu-mobile@1.0.0 build: `atool-build -o ./.build/${npm_package_family}/${npm_package_name/{npm_package_version}`
22 error Exit status 1
23 error Failed at the pikachu-mobile@1.0.0 build script 'atool-build -o ./.build/${npm_package_family}/${npm_package_name/{npm_package_version}'.
23 error Make sure you have the latest version of node.js and npm installed.
23 error If you do, this is most likely a problem with the pikachu-mobile package,
23 error not with npm itself.
23 error Tell the author that this fails on your system:
23 error     atool-build -o ./.build/${npm_package_family}/${npm_package_name/{npm_package_version}
23 error You can get information on how to open an issue for this project with:
23 error     npm bugs pikachu-mobile
23 error Or if that isn't available, you can get their info via:
23 error     npm owner ls pikachu-mobile
23 error There is likely additional logging output above.
24 verbose exit [ 1, true ]
